<?xml version="1.0" encoding="UTF-8"?>
<!-- Generated by org.testng.reporters.JUnitReportReporter -->
<testsuite skipped="0" hostname="DESKTOP-B4HNNLL" name="com.medpay.qa.testcases.DashboardPageTest" tests="3" failures="0" timestamp="2021-12-11T12:53:30 IST" time="58.443" errors="0">
  <testcase name="verify_DashBoardPageTitle" time="3.664" classname="com.medpay.qa.testcases.DashboardPageTest"/>
  <system-out/>
  <testcase name="verify_pharmacyOrderLabel" time="5.399" classname="com.medpay.qa.testcases.DashboardPageTest"/>
  <system-out/>
  <testcase name="verify_closenotificationmessage" time="49.380" classname="com.medpay.qa.testcases.DashboardPageTest"/>
  <system-out/>
</testsuite> <!-- com.medpay.qa.testcases.DashboardPageTest -->
