<?xml version="1.0" encoding="UTF-8"?>
<!-- Generated by org.testng.reporters.JUnitReportReporter -->
<testsuite skipped="0" hostname="DESKTOP-B4HNNLL" name="com.medpay.qa.testcases.HomePageTest" tests="1" failures="0" timestamp="2021-12-11T12:53:30 IST" time="7.244" errors="0">
  <testcase name="verifyHomePageTitle" time="7.244" classname="com.medpay.qa.testcases.HomePageTest"/>
  <system-out/>
</testsuite> <!-- com.medpay.qa.testcases.HomePageTest -->
